<?xml version="1.0" encoding="UTF-8"?>
<testng-results ignored="0" total="3" passed="3" failed="0" skipped="0">
  <reporter-output>
  </reporter-output>
  <suite started-at="2021-01-21T15:29:42 IST" name="Default suite" finished-at="2021-01-21T15:30:10 IST" duration-ms="28477">
    <groups>
    </groups>
    <test started-at="2021-01-21T15:29:42 IST" name="Default test" finished-at="2021-01-21T15:30:10 IST" duration-ms="28477">
      <class name="DataDriven.DataProvider">
        <test-method is-config="true" signature="setUpTest()[pri:0, instance:DataDriven.DataProvider@316bcf94]" started-at="2021-01-21T15:29:42 IST" name="setUpTest" finished-at="2021-01-21T15:29:47 IST" duration-ms="5330" status="PASS">
          <reporter-output>
          </reporter-output>
        </test-method> <!-- setUpTest -->
        <test-method signature="test1(java.lang.String, java.lang.String)[pri:0, instance:DataDriven.DataProvider@316bcf94]" started-at="2021-01-21T15:29:48 IST" name="test1" data-provider="test1data" finished-at="2021-01-21T15:29:56 IST" duration-ms="7584" status="PASS">
          <params>
            <param index="0">
              <value>
                <![CDATA[admin]]>
              </value>
            </param>
            <param index="1">
              <value>
                <![CDATA[abc]]>
              </value>
            </param>
          </params>
          <reporter-output>
          </reporter-output>
        </test-method> <!-- test1 -->
        <test-method signature="test1(java.lang.String, java.lang.String)[pri:0, instance:DataDriven.DataProvider@316bcf94]" started-at="2021-01-21T15:29:56 IST" name="test1" data-provider="test1data" finished-at="2021-01-21T15:30:01 IST" duration-ms="5480" status="PASS">
          <params>
            <param index="0">
              <value>
                <![CDATA[bhartitelrandhe8]]>
              </value>
            </param>
            <param index="1">
              <value>
                <![CDATA[Admin123]]>
              </value>
            </param>
          </params>
          <reporter-output>
          </reporter-output>
        </test-method> <!-- test1 -->
        <test-method signature="test1(java.lang.String, java.lang.String)[pri:0, instance:DataDriven.DataProvider@316bcf94]" started-at="2021-01-21T15:30:01 IST" name="test1" data-provider="test1data" finished-at="2021-01-21T15:30:10 IST" duration-ms="9000" status="PASS">
          <params>
            <param index="0">
              <value>
                <![CDATA[bhartitelrandhe3388]]>
              </value>
            </param>
            <param index="1">
              <value>
                <![CDATA[Bharti@123]]>
              </value>
            </param>
          </params>
          <reporter-output>
          </reporter-output>
        </test-method> <!-- test1 -->
      </class> <!-- DataDriven.DataProvider -->
    </test> <!-- Default test -->
  </suite> <!-- Default suite -->
</testng-results>
