<?xml version="1.0" encoding="UTF-8"?>
<!-- Generated by org.testng.reporters.JUnitXMLReporter -->
<testsuite ignored="0" hostname="LAPTOP-CKGQQ7A8" failures="0" tests="3" name="Default test" time="28.477" errors="0" timestamp="2021-01-21T15:30:10 IST">
  <testcase classname="DataDriven.DataProvider" name="test1" time="7.584"/>
  <testcase classname="DataDriven.DataProvider" name="test1" time="5.48"/>
  <testcase classname="DataDriven.DataProvider" name="test1" time="9.0"/>
</testsuite> <!-- Default test -->
